<?xml version="1.0" encoding="UTF-8"?>
<coverage generated="1601767002067" clover="3.2.0">
  <project timestamp="1601767002067" name="All files">
    <metrics statements="78" coveredstatements="66" conditionals="35" coveredconditionals="22" methods="38" coveredmethods="31" elements="151" coveredelements="119" complexity="0" loc="78" ncloc="78" packages="10" files="13" classes="13"/>
    <package name="components.breadcrumb">
      <metrics statements="4" coveredstatements="4" conditionals="0" coveredconditionals="0" methods="2" coveredmethods="2"/>
      <file name="breadcrumb.component.jsx" path="C:\Users\jhoquior\Documents\React\Front-End-Test-Mercado-Libre\src\client\components\breadcrumb\breadcrumb.component.jsx">
        <metrics statements="4" coveredstatements="4" conditionals="0" coveredconditionals="0" methods="2" coveredmethods="2"/>
        <line num="9" count="3" type="stmt"/>
        <line num="10" count="3" type="stmt"/>
        <line num="13" count="4" type="stmt"/>
        <line num="22" count="3" type="stmt"/>
      </file>
    </package>
    <package name="components.currency-display">
      <metrics statements="11" coveredstatements="9" conditionals="10" coveredconditionals="5" methods="3" coveredmethods="2"/>
      <file name="currency-display.component.jsx" path="C:\Users\jhoquior\Documents\React\Front-End-Test-Mercado-Libre\src\client\components\currency-display\currency-display.component.jsx">
        <metrics statements="11" coveredstatements="9" conditionals="10" coveredconditionals="5" methods="3" coveredmethods="2"/>
        <line num="6" count="3" type="stmt"/>
        <line num="12" count="2" type="stmt"/>
        <line num="13" count="2" type="stmt"/>
        <line num="18" count="2" type="stmt"/>
        <line num="19" count="2" type="cond" truecount="1" falsecount="1"/>
        <line num="20" count="0" type="stmt"/>
        <line num="22" count="2" type="cond" truecount="1" falsecount="1"/>
        <line num="24" count="2" type="stmt"/>
        <line num="25" count="0" type="cond" truecount="0" falsecount="2"/>
        <line num="27" count="2" type="stmt"/>
        <line num="35" count="3" type="stmt"/>
      </file>
    </package>
    <package name="components.product-checkout">
      <metrics statements="2" coveredstatements="1" conditionals="0" coveredconditionals="0" methods="1" coveredmethods="0"/>
      <file name="product-checkout.component.jsx" path="C:\Users\jhoquior\Documents\React\Front-End-Test-Mercado-Libre\src\client\components\product-checkout\product-checkout.component.jsx">
        <metrics statements="2" coveredstatements="1" conditionals="0" coveredconditionals="0" methods="1" coveredmethods="0"/>
        <line num="7" count="1" type="stmt"/>
        <line num="8" count="0" type="stmt"/>
      </file>
    </package>
    <package name="components.product-grid">
      <metrics statements="5" coveredstatements="5" conditionals="2" coveredconditionals="2" methods="3" coveredmethods="3"/>
      <file name="product-grid.component.jsx" path="C:\Users\jhoquior\Documents\React\Front-End-Test-Mercado-Libre\src\client\components\product-grid\product-grid.component.jsx">
        <metrics statements="5" coveredstatements="5" conditionals="2" coveredconditionals="2" methods="3" coveredmethods="3"/>
        <line num="16" count="2" type="stmt"/>
        <line num="17" count="3" type="cond" truecount="2" falsecount="0"/>
        <line num="22" count="2" type="stmt"/>
        <line num="36" count="2" type="stmt"/>
        <line num="38" count="3" type="stmt"/>
      </file>
    </package>
    <package name="components.product-preview">
      <metrics statements="3" coveredstatements="2" conditionals="2" coveredconditionals="1" methods="2" coveredmethods="1"/>
      <file name="product-preview.component.jsx" path="C:\Users\jhoquior\Documents\React\Front-End-Test-Mercado-Libre\src\client\components\product-preview\product-preview.component.jsx">
        <metrics statements="3" coveredstatements="2" conditionals="2" coveredconditionals="1" methods="2" coveredmethods="1"/>
        <line num="9" count="2" type="stmt"/>
        <line num="18" count="2" type="stmt"/>
        <line num="21" count="0" type="stmt"/>
      </file>
    </package>
    <package name="components.search-bar">
      <metrics statements="8" coveredstatements="1" conditionals="4" coveredconditionals="0" methods="3" coveredmethods="0"/>
      <file name="search-bar.component.jsx" path="C:\Users\jhoquior\Documents\React\Front-End-Test-Mercado-Libre\src\client\components\search-bar\search-bar.component.jsx">
        <metrics statements="8" coveredstatements="1" conditionals="4" coveredconditionals="0" methods="3" coveredmethods="0"/>
        <line num="9" count="1" type="stmt"/>
        <line num="10" count="0" type="stmt"/>
        <line num="12" count="0" type="stmt"/>
        <line num="13" count="0" type="stmt"/>
        <line num="15" count="0" type="stmt"/>
        <line num="16" count="0" type="cond" truecount="0" falsecount="4"/>
        <line num="17" count="0" type="stmt"/>
        <line num="20" count="0" type="stmt"/>
      </file>
    </package>
    <package name="components.spinner">
      <metrics statements="2" coveredstatements="2" conditionals="0" coveredconditionals="0" methods="1" coveredmethods="1"/>
      <file name="spinner.component.jsx" path="C:\Users\jhoquior\Documents\React\Front-End-Test-Mercado-Libre\src\client\components\spinner\spinner.component.jsx">
        <metrics statements="2" coveredstatements="2" conditionals="0" coveredconditionals="0" methods="1" coveredmethods="1"/>
        <line num="5" count="3" type="stmt"/>
        <line num="6" count="2" type="stmt"/>
      </file>
    </package>
    <package name="redux.item">
      <metrics statements="27" coveredstatements="26" conditionals="15" coveredconditionals="13" methods="14" coveredmethods="13"/>
      <file name="item.actions.js" path="C:\Users\jhoquior\Documents\React\Front-End-Test-Mercado-Libre\src\client\redux\item\item.actions.js">
        <metrics statements="5" coveredstatements="5" conditionals="0" coveredconditionals="0" methods="5" coveredmethods="5"/>
        <line num="3" count="3" type="stmt"/>
        <line num="8" count="3" type="stmt"/>
        <line num="13" count="3" type="stmt"/>
        <line num="18" count="3" type="stmt"/>
        <line num="23" count="3" type="stmt"/>
      </file>
      <file name="item.reducer.js" path="C:\Users\jhoquior\Documents\React\Front-End-Test-Mercado-Libre\src\client\redux\item\item.reducer.js">
        <metrics statements="8" coveredstatements="8" conditionals="7" coveredconditionals="7" methods="1" coveredmethods="1"/>
        <line num="3" count="1" type="stmt"/>
        <line num="12" count="1" type="cond" truecount="1" falsecount="0"/>
        <line num="13" count="6" type="cond" truecount="6" falsecount="0"/>
        <line num="16" count="2" type="stmt"/>
        <line num="23" count="1" type="stmt"/>
        <line num="31" count="1" type="stmt"/>
        <line num="39" count="1" type="stmt"/>
        <line num="45" count="1" type="stmt"/>
      </file>
      <file name="item.selector.js" path="C:\Users\jhoquior\Documents\React\Front-End-Test-Mercado-Libre\src\client\redux\item\item.selector.js">
        <metrics statements="13" coveredstatements="12" conditionals="8" coveredconditionals="6" methods="8" coveredmethods="7"/>
        <line num="3" count="11" type="stmt"/>
        <line num="5" count="4" type="stmt"/>
        <line num="7" count="0" type="stmt"/>
        <line num="10" count="4" type="stmt"/>
        <line num="12" count="3" type="cond" truecount="2" falsecount="0"/>
        <line num="15" count="4" type="stmt"/>
        <line num="16" count="3" type="cond" truecount="1" falsecount="1"/>
        <line num="19" count="4" type="stmt"/>
        <line num="21" count="3" type="cond" truecount="2" falsecount="0"/>
        <line num="24" count="4" type="stmt"/>
        <line num="26" count="1" type="stmt"/>
        <line num="29" count="4" type="stmt"/>
        <line num="31" count="1" type="cond" truecount="1" falsecount="1"/>
      </file>
      <file name="item.types.js" path="C:\Users\jhoquior\Documents\React\Front-End-Test-Mercado-Libre\src\client\redux\item\item.types.js">
        <metrics statements="1" coveredstatements="1" conditionals="0" coveredconditionals="0" methods="0" coveredmethods="0"/>
        <line num="1" count="4" type="stmt"/>
      </file>
    </package>
    <package name="views.product-detail">
      <metrics statements="9" coveredstatements="9" conditionals="2" coveredconditionals="1" methods="5" coveredmethods="5"/>
      <file name="product-detail.component.jsx" path="C:\Users\jhoquior\Documents\React\Front-End-Test-Mercado-Libre\src\client\views\product-detail\product-detail.component.jsx">
        <metrics statements="9" coveredstatements="9" conditionals="2" coveredconditionals="1" methods="5" coveredmethods="5"/>
        <line num="17" count="1" type="stmt"/>
        <line num="23" count="1" type="stmt"/>
        <line num="24" count="1" type="stmt"/>
        <line num="25" count="1" type="stmt"/>
        <line num="27" count="1" type="cond" truecount="1" falsecount="1"/>
        <line num="51" count="1" type="stmt"/>
        <line num="53" count="1" type="stmt"/>
        <line num="56" count="1" type="stmt"/>
        <line num="57" count="1" type="stmt"/>
      </file>
    </package>
    <package name="views.search">
      <metrics statements="7" coveredstatements="7" conditionals="0" coveredconditionals="0" methods="4" coveredmethods="4"/>
      <file name="search.component.jsx" path="C:\Users\jhoquior\Documents\React\Front-End-Test-Mercado-Libre\src\client\views\search\search.component.jsx">
        <metrics statements="7" coveredstatements="7" conditionals="0" coveredconditionals="0" methods="4" coveredmethods="4"/>
        <line num="11" count="1" type="stmt"/>
        <line num="12" count="1" type="stmt"/>
        <line num="13" count="1" type="stmt"/>
        <line num="14" count="1" type="stmt"/>
        <line num="16" count="1" type="stmt"/>
        <line num="24" count="1" type="stmt"/>
        <line num="25" count="1" type="stmt"/>
      </file>
    </package>
  </project>
</coverage>
