{"C:\\Users\\jhoquior\\Documents\\React\\Front-End-Test-Mercado-Libre\\src\\client\\components\\breadcrumb\\breadcrumb.component.jsx": {"path":"C:\\Users\\jhoquior\\Documents\\React\\Front-End-Test-Mercado-Libre\\src\\client\\components\\breadcrumb\\breadcrumb.component.jsx","statementMap":{"0":{"start":{"line":9,"column":19},"end":{"line":20,"column":1}},"1":{"start":{"line":10,"column":1},"end":{"line":19,"column":3}},"2":{"start":{"line":13,"column":4},"end":{"line":16,"column":11}},"3":{"start":{"line":22,"column":24},"end":{"line":24,"column":2}}},"fnMap":{"0":{"name":"(anonymous_0)","decl":{"start":{"line":9,"column":19},"end":{"line":9,"column":20}},"loc":{"start":{"line":9,"column":39},"end":{"line":20,"column":1}},"line":9},"1":{"name":"(anonymous_1)","decl":{"start":{"line":12,"column":19},"end":{"line":12,"column":20}},"loc":{"start":{"line":13,"column":4},"end":{"line":16,"column":11}},"line":13}},"branchMap":{},"s":{"0":3,"1":3,"2":4,"3":3},"f":{"0":3,"1":4},"b":{},"_coverageSchema":"1a1c01bbd47fc00a2c39e90264f33305004495a9","hash":"77e579da0ffab322ba8b9054b9f136d9b7699351"}
,"C:\\Users\\jhoquior\\Documents\\React\\Front-End-Test-Mercado-Libre\\src\\client\\components\\currency-display\\currency-display.component.jsx": {"path":"C:\\Users\\jhoquior\\Documents\\React\\Front-End-Test-Mercado-Libre\\src\\client\\components\\currency-display\\currency-display.component.jsx","statementMap":{"0":{"start":{"line":6,"column":24},"end":{"line":33,"column":1}},"1":{"start":{"line":12,"column":25},"end":{"line":12,"column":42}},"2":{"start":{"line":13,"column":13},"end":{"line":17,"column":3}},"3":{"start":{"line":18,"column":21},"end":{"line":23,"column":2}},"4":{"start":{"line":19,"column":2},"end":{"line":21,"column":3}},"5":{"start":{"line":20,"column":3},"end":{"line":20,"column":52}},"6":{"start":{"line":22,"column":2},"end":{"line":22,"column":76}},"7":{"start":{"line":24,"column":21},"end":{"line":26,"column":2}},"8":{"start":{"line":25,"column":2},"end":{"line":25,"column":64}},"9":{"start":{"line":27,"column":1},"end":{"line":32,"column":3}},"10":{"start":{"line":35,"column":0},"end":{"line":40,"column":2}}},"fnMap":{"0":{"name":"(anonymous_0)","decl":{"start":{"line":6,"column":24},"end":{"line":6,"column":25}},"loc":{"start":{"line":11,"column":6},"end":{"line":33,"column":1}},"line":11},"1":{"name":"(anonymous_1)","decl":{"start":{"line":18,"column":21},"end":{"line":18,"column":22}},"loc":{"start":{"line":18,"column":27},"end":{"line":23,"column":2}},"line":18},"2":{"name":"(anonymous_2)","decl":{"start":{"line":24,"column":21},"end":{"line":24,"column":22}},"loc":{"start":{"line":24,"column":27},"end":{"line":26,"column":2}},"line":24}},"branchMap":{"0":{"loc":{"start":{"line":9,"column":1},"end":{"line":9,"column":18}},"type":"default-arg","locations":[{"start":{"line":9,"column":17},"end":{"line":9,"column":18}}],"line":9},"1":{"loc":{"start":{"line":10,"column":1},"end":{"line":10,"column":14}},"type":"default-arg","locations":[{"start":{"line":10,"column":12},"end":{"line":10,"column":14}}],"line":10},"2":{"loc":{"start":{"line":19,"column":2},"end":{"line":21,"column":3}},"type":"if","locations":[{"start":{"line":19,"column":2},"end":{"line":21,"column":3}},{"start":{"line":19,"column":2},"end":{"line":21,"column":3}}],"line":19},"3":{"loc":{"start":{"line":22,"column":9},"end":{"line":22,"column":75}},"type":"cond-expr","locations":[{"start":{"line":22,"column":27},"end":{"line":22,"column":67}},{"start":{"line":22,"column":70},"end":{"line":22,"column":75}}],"line":22},"4":{"loc":{"start":{"line":25,"column":9},"end":{"line":25,"column":63}},"type":"cond-expr","locations":[{"start":{"line":25,"column":27},"end":{"line":25,"column":58}},{"start":{"line":25,"column":61},"end":{"line":25,"column":63}}],"line":25},"5":{"loc":{"start":{"line":30,"column":4},"end":{"line":30,"column":76}},"type":"cond-expr","locations":[{"start":{"line":30,"column":22},"end":{"line":30,"column":71}},{"start":{"line":30,"column":74},"end":{"line":30,"column":76}}],"line":30}},"s":{"0":3,"1":2,"2":2,"3":2,"4":2,"5":0,"6":2,"7":2,"8":0,"9":2,"10":3},"f":{"0":2,"1":2,"2":0},"b":{"0":[2],"1":[2],"2":[0,2],"3":[0,2],"4":[0,0],"5":[0,2]},"_coverageSchema":"1a1c01bbd47fc00a2c39e90264f33305004495a9","hash":"bc3cb2ac9e4954a5fbcf9389c42c9f5c07a03d71"}
,"C:\\Users\\jhoquior\\Documents\\React\\Front-End-Test-Mercado-Libre\\src\\client\\components\\product-checkout\\product-checkout.component.jsx": {"path":"C:\\Users\\jhoquior\\Documents\\React\\Front-End-Test-Mercado-Libre\\src\\client\\components\\product-checkout\\product-checkout.component.jsx","statementMap":{"0":{"start":{"line":7,"column":24},"end":{"line":27,"column":1}},"1":{"start":{"line":8,"column":1},"end":{"line":26,"column":3}}},"fnMap":{"0":{"name":"(anonymous_0)","decl":{"start":{"line":7,"column":24},"end":{"line":7,"column":25}},"loc":{"start":{"line":7,"column":72},"end":{"line":27,"column":1}},"line":7}},"branchMap":{},"s":{"0":1,"1":0},"f":{"0":0},"b":{},"_coverageSchema":"1a1c01bbd47fc00a2c39e90264f33305004495a9","hash":"7ea0c2b8b43bb7da2182346bfc05f92d48fd2c16"}
,"C:\\Users\\jhoquior\\Documents\\React\\Front-End-Test-Mercado-Libre\\src\\client\\components\\product-grid\\product-grid.component.jsx": {"path":"C:\\Users\\jhoquior\\Documents\\React\\Front-End-Test-Mercado-Libre\\src\\client\\components\\product-grid\\product-grid.component.jsx","statementMap":{"0":{"start":{"line":16,"column":20},"end":{"line":34,"column":1}},"1":{"start":{"line":17,"column":1},"end":{"line":33,"column":3}},"2":{"start":{"line":22,"column":4},"end":{"line":30,"column":6}},"3":{"start":{"line":36,"column":24},"end":{"line":39,"column":2}},"4":{"start":{"line":38,"column":23},"end":{"line":38,"column":50}}},"fnMap":{"0":{"name":"(anonymous_0)","decl":{"start":{"line":16,"column":20},"end":{"line":16,"column":21}},"loc":{"start":{"line":16,"column":49},"end":{"line":34,"column":1}},"line":16},"1":{"name":"(anonymous_1)","decl":{"start":{"line":21,"column":17},"end":{"line":21,"column":18}},"loc":{"start":{"line":22,"column":4},"end":{"line":30,"column":6}},"line":22},"2":{"name":"(anonymous_2)","decl":{"start":{"line":38,"column":12},"end":{"line":38,"column":13}},"loc":{"start":{"line":38,"column":23},"end":{"line":38,"column":50}},"line":38}},"branchMap":{"0":{"loc":{"start":{"line":17,"column":8},"end":{"line":33,"column":2}},"type":"cond-expr","locations":[{"start":{"line":18,"column":2},"end":{"line":18,"column":13}},{"start":{"line":20,"column":2},"end":{"line":32,"column":8}}],"line":17}},"s":{"0":2,"1":3,"2":2,"3":2,"4":3},"f":{"0":3,"1":2,"2":3},"b":{"0":[1,2]},"_coverageSchema":"1a1c01bbd47fc00a2c39e90264f33305004495a9","hash":"fc78b819699b976652bfaa1fdd988de7901fff26"}
,"C:\\Users\\jhoquior\\Documents\\React\\Front-End-Test-Mercado-Libre\\src\\client\\components\\product-preview\\product-preview.component.jsx": {"path":"C:\\Users\\jhoquior\\Documents\\React\\Front-End-Test-Mercado-Libre\\src\\client\\components\\product-preview\\product-preview.component.jsx","statementMap":{"0":{"start":{"line":9,"column":23},"end":{"line":45,"column":1}},"1":{"start":{"line":18,"column":1},"end":{"line":44,"column":3}},"2":{"start":{"line":21,"column":18},"end":{"line":21,"column":46}}},"fnMap":{"0":{"name":"(anonymous_0)","decl":{"start":{"line":9,"column":23},"end":{"line":9,"column":24}},"loc":{"start":{"line":17,"column":6},"end":{"line":45,"column":1}},"line":17},"1":{"name":"(anonymous_1)","decl":{"start":{"line":21,"column":12},"end":{"line":21,"column":13}},"loc":{"start":{"line":21,"column":18},"end":{"line":21,"column":46}},"line":21}},"branchMap":{"0":{"loc":{"start":{"line":34,"column":6},"end":{"line":38,"column":6}},"type":"cond-expr","locations":[{"start":{"line":35,"column":6},"end":{"line":35,"column":73}},{"start":{"line":37,"column":6},"end":{"line":37,"column":8}}],"line":34}},"s":{"0":2,"1":2,"2":0},"f":{"0":2,"1":0},"b":{"0":[0,2]},"_coverageSchema":"1a1c01bbd47fc00a2c39e90264f33305004495a9","hash":"1602874ded05a60ea1e1b69afe876ba4c3d8309b"}
,"C:\\Users\\jhoquior\\Documents\\React\\Front-End-Test-Mercado-Libre\\src\\client\\components\\search-bar\\search-bar.component.jsx": {"path":"C:\\Users\\jhoquior\\Documents\\React\\Front-End-Test-Mercado-Libre\\src\\client\\components\\search-bar\\search-bar.component.jsx","statementMap":{"0":{"start":{"line":9,"column":18},"end":{"line":38,"column":1}},"1":{"start":{"line":10,"column":37},"end":{"line":10,"column":49}},"2":{"start":{"line":12,"column":22},"end":{"line":14,"column":2}},"3":{"start":{"line":13,"column":2},"end":{"line":13,"column":23}},"4":{"start":{"line":15,"column":22},"end":{"line":19,"column":2}},"5":{"start":{"line":16,"column":2},"end":{"line":18,"column":3}},"6":{"start":{"line":17,"column":3},"end":{"line":17,"column":42}},"7":{"start":{"line":20,"column":1},"end":{"line":37,"column":3}}},"fnMap":{"0":{"name":"(anonymous_0)","decl":{"start":{"line":9,"column":18},"end":{"line":9,"column":19}},"loc":{"start":{"line":9,"column":35},"end":{"line":38,"column":1}},"line":9},"1":{"name":"(anonymous_1)","decl":{"start":{"line":12,"column":22},"end":{"line":12,"column":23}},"loc":{"start":{"line":12,"column":49},"end":{"line":14,"column":2}},"line":12},"2":{"name":"(anonymous_2)","decl":{"start":{"line":15,"column":22},"end":{"line":15,"column":23}},"loc":{"start":{"line":15,"column":33},"end":{"line":19,"column":2}},"line":15}},"branchMap":{"0":{"loc":{"start":{"line":16,"column":2},"end":{"line":18,"column":3}},"type":"if","locations":[{"start":{"line":16,"column":2},"end":{"line":18,"column":3}},{"start":{"line":16,"column":2},"end":{"line":18,"column":3}}],"line":16},"1":{"loc":{"start":{"line":16,"column":6},"end":{"line":16,"column":52}},"type":"binary-expr","locations":[{"start":{"line":16,"column":6},"end":{"line":16,"column":26}},{"start":{"line":16,"column":30},"end":{"line":16,"column":52}}],"line":16}},"s":{"0":1,"1":0,"2":0,"3":0,"4":0,"5":0,"6":0,"7":0},"f":{"0":0,"1":0,"2":0},"b":{"0":[0,0],"1":[0,0]},"_coverageSchema":"1a1c01bbd47fc00a2c39e90264f33305004495a9","hash":"05ed9d14ae59020ff1b85af8ee8f7e59c8c7b55b"}
,"C:\\Users\\jhoquior\\Documents\\React\\Front-End-Test-Mercado-Libre\\src\\client\\components\\spinner\\spinner.component.jsx": {"path":"C:\\Users\\jhoquior\\Documents\\React\\Front-End-Test-Mercado-Libre\\src\\client\\components\\spinner\\spinner.component.jsx","statementMap":{"0":{"start":{"line":5,"column":16},"end":{"line":11,"column":1}},"1":{"start":{"line":6,"column":1},"end":{"line":10,"column":3}}},"fnMap":{"0":{"name":"(anonymous_0)","decl":{"start":{"line":5,"column":16},"end":{"line":5,"column":17}},"loc":{"start":{"line":5,"column":22},"end":{"line":11,"column":1}},"line":5}},"branchMap":{},"s":{"0":3,"1":2},"f":{"0":2},"b":{},"_coverageSchema":"1a1c01bbd47fc00a2c39e90264f33305004495a9","hash":"b55e898dd212914e5e05f35efd1b642c53cf74ac"}
,"C:\\Users\\jhoquior\\Documents\\React\\Front-End-Test-Mercado-Libre\\src\\client\\redux\\item\\item.actions.js": {"path":"C:\\Users\\jhoquior\\Documents\\React\\Front-End-Test-Mercado-Libre\\src\\client\\redux\\item\\item.actions.js","statementMap":{"0":{"start":{"line":3,"column":31},"end":{"line":6,"column":2}},"1":{"start":{"line":3,"column":45},"end":{"line":6,"column":1}},"2":{"start":{"line":8,"column":33},"end":{"line":11,"column":2}},"3":{"start":{"line":8,"column":45},"end":{"line":11,"column":1}},"4":{"start":{"line":13,"column":36},"end":{"line":16,"column":2}},"5":{"start":{"line":13,"column":50},"end":{"line":16,"column":1}},"6":{"start":{"line":18,"column":38},"end":{"line":21,"column":2}},"7":{"start":{"line":18,"column":49},"end":{"line":21,"column":1}},"8":{"start":{"line":23,"column":28},"end":{"line":26,"column":2}},"9":{"start":{"line":23,"column":47},"end":{"line":26,"column":1}}},"fnMap":{"0":{"name":"(anonymous_0)","decl":{"start":{"line":3,"column":31},"end":{"line":3,"column":32}},"loc":{"start":{"line":3,"column":45},"end":{"line":6,"column":1}},"line":3},"1":{"name":"(anonymous_1)","decl":{"start":{"line":8,"column":33},"end":{"line":8,"column":34}},"loc":{"start":{"line":8,"column":45},"end":{"line":11,"column":1}},"line":8},"2":{"name":"(anonymous_2)","decl":{"start":{"line":13,"column":36},"end":{"line":13,"column":37}},"loc":{"start":{"line":13,"column":50},"end":{"line":16,"column":1}},"line":13},"3":{"name":"(anonymous_3)","decl":{"start":{"line":18,"column":38},"end":{"line":18,"column":39}},"loc":{"start":{"line":18,"column":49},"end":{"line":21,"column":1}},"line":18},"4":{"name":"(anonymous_4)","decl":{"start":{"line":23,"column":28},"end":{"line":23,"column":29}},"loc":{"start":{"line":23,"column":47},"end":{"line":26,"column":1}},"line":23}},"branchMap":{},"s":{"0":3,"1":2,"2":3,"3":1,"4":3,"5":2,"6":3,"7":1,"8":3,"9":1},"f":{"0":2,"1":1,"2":2,"3":1,"4":1},"b":{},"_coverageSchema":"1a1c01bbd47fc00a2c39e90264f33305004495a9","hash":"4e22287ae1b47fd7c41b44ba345ef52af278e4b4"}
,"C:\\Users\\jhoquior\\Documents\\React\\Front-End-Test-Mercado-Libre\\src\\client\\redux\\item\\item.reducer.js": {"path":"C:\\Users\\jhoquior\\Documents\\React\\Front-End-Test-Mercado-Libre\\src\\client\\redux\\item\\item.reducer.js","statementMap":{"0":{"start":{"line":3,"column":22},"end":{"line":10,"column":1}},"1":{"start":{"line":12,"column":20},"end":{"line":47,"column":1}},"2":{"start":{"line":13,"column":1},"end":{"line":46,"column":2}},"3":{"start":{"line":16,"column":3},"end":{"line":21,"column":5}},"4":{"start":{"line":23,"column":3},"end":{"line":29,"column":5}},"5":{"start":{"line":31,"column":3},"end":{"line":36,"column":5}},"6":{"start":{"line":39,"column":3},"end":{"line":43,"column":5}},"7":{"start":{"line":45,"column":3},"end":{"line":45,"column":16}}},"fnMap":{"0":{"name":"(anonymous_0)","decl":{"start":{"line":12,"column":20},"end":{"line":12,"column":21}},"loc":{"start":{"line":12,"column":55},"end":{"line":47,"column":1}},"line":12}},"branchMap":{"0":{"loc":{"start":{"line":12,"column":21},"end":{"line":12,"column":42}},"type":"default-arg","locations":[{"start":{"line":12,"column":29},"end":{"line":12,"column":42}}],"line":12},"1":{"loc":{"start":{"line":13,"column":1},"end":{"line":46,"column":2}},"type":"switch","locations":[{"start":{"line":14,"column":2},"end":{"line":14,"column":47}},{"start":{"line":15,"column":2},"end":{"line":21,"column":5}},{"start":{"line":22,"column":2},"end":{"line":29,"column":5}},{"start":{"line":30,"column":2},"end":{"line":37,"column":3}},{"start":{"line":38,"column":2},"end":{"line":43,"column":5}},{"start":{"line":44,"column":2},"end":{"line":45,"column":16}}],"line":13}},"s":{"0":1,"1":1,"2":6,"3":2,"4":1,"5":1,"6":1,"7":1},"f":{"0":6},"b":{"0":[1],"1":[1,2,1,1,1,1]},"_coverageSchema":"1a1c01bbd47fc00a2c39e90264f33305004495a9","hash":"0c91d7c7f47a19f20154a3c894e19feeac0b194f"}
,"C:\\Users\\jhoquior\\Documents\\React\\Front-End-Test-Mercado-Libre\\src\\client\\redux\\item\\item.selector.js": {"path":"C:\\Users\\jhoquior\\Documents\\React\\Front-End-Test-Mercado-Libre\\src\\client\\redux\\item\\item.selector.js","statementMap":{"0":{"start":{"line":3,"column":22},"end":{"line":3,"column":47}},"1":{"start":{"line":3,"column":33},"end":{"line":3,"column":47}},"2":{"start":{"line":5,"column":37},"end":{"line":8,"column":1}},"3":{"start":{"line":7,"column":15},"end":{"line":7,"column":34}},"4":{"start":{"line":10,"column":36},"end":{"line":13,"column":1}},"5":{"start":{"line":12,"column":15},"end":{"line":12,"column":68}},"6":{"start":{"line":12,"column":54},"end":{"line":12,"column":61}},"7":{"start":{"line":15,"column":35},"end":{"line":17,"column":1}},"8":{"start":{"line":16,"column":1},"end":{"line":16,"column":36}},"9":{"start":{"line":19,"column":32},"end":{"line":22,"column":1}},"10":{"start":{"line":21,"column":15},"end":{"line":21,"column":40}},"11":{"start":{"line":24,"column":32},"end":{"line":27,"column":1}},"12":{"start":{"line":26,"column":15},"end":{"line":26,"column":36}},"13":{"start":{"line":29,"column":40},"end":{"line":32,"column":1}},"14":{"start":{"line":31,"column":16},"end":{"line":31,"column":58}}},"fnMap":{"0":{"name":"(anonymous_0)","decl":{"start":{"line":3,"column":22},"end":{"line":3,"column":23}},"loc":{"start":{"line":3,"column":33},"end":{"line":3,"column":47}},"line":3},"1":{"name":"(anonymous_1)","decl":{"start":{"line":7,"column":1},"end":{"line":7,"column":2}},"loc":{"start":{"line":7,"column":15},"end":{"line":7,"column":34}},"line":7},"2":{"name":"(anonymous_2)","decl":{"start":{"line":12,"column":1},"end":{"line":12,"column":2}},"loc":{"start":{"line":12,"column":15},"end":{"line":12,"column":68}},"line":12},"3":{"name":"(anonymous_3)","decl":{"start":{"line":12,"column":39},"end":{"line":12,"column":40}},"loc":{"start":{"line":12,"column":54},"end":{"line":12,"column":61}},"line":12},"4":{"name":"(anonymous_4)","decl":{"start":{"line":15,"column":67},"end":{"line":15,"column":68}},"loc":{"start":{"line":16,"column":1},"end":{"line":16,"column":36}},"line":16},"5":{"name":"(anonymous_5)","decl":{"start":{"line":21,"column":1},"end":{"line":21,"column":2}},"loc":{"start":{"line":21,"column":15},"end":{"line":21,"column":40}},"line":21},"6":{"name":"(anonymous_6)","decl":{"start":{"line":26,"column":1},"end":{"line":26,"column":2}},"loc":{"start":{"line":26,"column":15},"end":{"line":26,"column":36}},"line":26},"7":{"name":"(anonymous_7)","decl":{"start":{"line":31,"column":1},"end":{"line":31,"column":2}},"loc":{"start":{"line":31,"column":16},"end":{"line":31,"column":58}},"line":31}},"branchMap":{"0":{"loc":{"start":{"line":12,"column":15},"end":{"line":12,"column":68}},"type":"binary-expr","locations":[{"start":{"line":12,"column":15},"end":{"line":12,"column":62}},{"start":{"line":12,"column":66},"end":{"line":12,"column":68}}],"line":12},"1":{"loc":{"start":{"line":16,"column":1},"end":{"line":16,"column":36}},"type":"cond-expr","locations":[{"start":{"line":16,"column":12},"end":{"line":16,"column":28}},{"start":{"line":16,"column":31},"end":{"line":16,"column":36}}],"line":16},"2":{"loc":{"start":{"line":21,"column":15},"end":{"line":21,"column":40}},"type":"binary-expr","locations":[{"start":{"line":21,"column":15},"end":{"line":21,"column":34}},{"start":{"line":21,"column":38},"end":{"line":21,"column":40}}],"line":21},"3":{"loc":{"start":{"line":31,"column":16},"end":{"line":31,"column":58}},"type":"cond-expr","locations":[{"start":{"line":31,"column":27},"end":{"line":31,"column":50}},{"start":{"line":31,"column":53},"end":{"line":31,"column":58}}],"line":31}},"s":{"0":4,"1":11,"2":4,"3":0,"4":4,"5":3,"6":2,"7":4,"8":3,"9":4,"10":3,"11":4,"12":1,"13":4,"14":1},"f":{"0":11,"1":0,"2":3,"3":2,"4":3,"5":3,"6":1,"7":1},"b":{"0":[3,1],"1":[3,0],"2":[3,1],"3":[1,0]},"_coverageSchema":"1a1c01bbd47fc00a2c39e90264f33305004495a9","hash":"4389f6cb88f1422c84759ca0d274ad29d5f36552"}
,"C:\\Users\\jhoquior\\Documents\\React\\Front-End-Test-Mercado-Libre\\src\\client\\redux\\item\\item.types.js": {"path":"C:\\Users\\jhoquior\\Documents\\React\\Front-End-Test-Mercado-Libre\\src\\client\\redux\\item\\item.types.js","statementMap":{"0":{"start":{"line":1,"column":24},"end":{"line":7,"column":1}}},"fnMap":{},"branchMap":{},"s":{"0":4},"f":{},"b":{},"_coverageSchema":"1a1c01bbd47fc00a2c39e90264f33305004495a9","hash":"c2603a3272c1880ba16ce52b6dd28e029a7713e5"}
,"C:\\Users\\jhoquior\\Documents\\React\\Front-End-Test-Mercado-Libre\\src\\client\\views\\product-detail\\product-detail.component.jsx": {"path":"C:\\Users\\jhoquior\\Documents\\React\\Front-End-Test-Mercado-Libre\\src\\client\\views\\product-detail\\product-detail.component.jsx","statementMap":{"0":{"start":{"line":17,"column":26},"end":{"line":49,"column":1}},"1":{"start":{"line":23,"column":1},"end":{"line":26,"column":28}},"2":{"start":{"line":24,"column":17},"end":{"line":24,"column":32}},"3":{"start":{"line":25,"column":2},"end":{"line":25,"column":31}},"4":{"start":{"line":27,"column":1},"end":{"line":48,"column":3}},"5":{"start":{"line":51,"column":24},"end":{"line":54,"column":2}},"6":{"start":{"line":53,"column":23},"end":{"line":53,"column":55}},"7":{"start":{"line":56,"column":27},"end":{"line":58,"column":2}},"8":{"start":{"line":56,"column":42},"end":{"line":58,"column":1}},"9":{"start":{"line":57,"column":35},"end":{"line":57,"column":73}}},"fnMap":{"0":{"name":"(anonymous_0)","decl":{"start":{"line":17,"column":26},"end":{"line":17,"column":27}},"loc":{"start":{"line":22,"column":6},"end":{"line":49,"column":1}},"line":22},"1":{"name":"(anonymous_1)","decl":{"start":{"line":23,"column":11},"end":{"line":23,"column":12}},"loc":{"start":{"line":23,"column":17},"end":{"line":26,"column":2}},"line":23},"2":{"name":"(anonymous_2)","decl":{"start":{"line":53,"column":12},"end":{"line":53,"column":13}},"loc":{"start":{"line":53,"column":23},"end":{"line":53,"column":55}},"line":53},"3":{"name":"(anonymous_3)","decl":{"start":{"line":56,"column":27},"end":{"line":56,"column":28}},"loc":{"start":{"line":56,"column":42},"end":{"line":58,"column":1}},"line":56},"4":{"name":"(anonymous_4)","decl":{"start":{"line":57,"column":23},"end":{"line":57,"column":24}},"loc":{"start":{"line":57,"column":35},"end":{"line":57,"column":73}},"line":57}},"branchMap":{"0":{"loc":{"start":{"line":27,"column":8},"end":{"line":48,"column":2}},"type":"cond-expr","locations":[{"start":{"line":28,"column":2},"end":{"line":28,"column":13}},{"start":{"line":30,"column":2},"end":{"line":47,"column":5}}],"line":27}},"s":{"0":1,"1":1,"2":1,"3":1,"4":1,"5":1,"6":1,"7":1,"8":1,"9":1},"f":{"0":1,"1":1,"2":1,"3":1,"4":1},"b":{"0":[1,0]},"_coverageSchema":"1a1c01bbd47fc00a2c39e90264f33305004495a9","hash":"02562efd9ef01fa433af1674065e4ba9e5cff568"}
,"C:\\Users\\jhoquior\\Documents\\React\\Front-End-Test-Mercado-Libre\\src\\client\\views\\search\\search.component.jsx": {"path":"C:\\Users\\jhoquior\\Documents\\React\\Front-End-Test-Mercado-Libre\\src\\client\\views\\search\\search.component.jsx","statementMap":{"0":{"start":{"line":11,"column":19},"end":{"line":22,"column":1}},"1":{"start":{"line":12,"column":1},"end":{"line":15,"column":4}},"2":{"start":{"line":13,"column":17},"end":{"line":13,"column":42}},"3":{"start":{"line":14,"column":2},"end":{"line":14,"column":28}},"4":{"start":{"line":16,"column":1},"end":{"line":21,"column":3}},"5":{"start":{"line":24,"column":27},"end":{"line":26,"column":2}},"6":{"start":{"line":24,"column":42},"end":{"line":26,"column":1}},"7":{"start":{"line":25,"column":33},"end":{"line":25,"column":69}}},"fnMap":{"0":{"name":"(anonymous_0)","decl":{"start":{"line":11,"column":19},"end":{"line":11,"column":20}},"loc":{"start":{"line":11,"column":66},"end":{"line":22,"column":1}},"line":11},"1":{"name":"(anonymous_1)","decl":{"start":{"line":12,"column":11},"end":{"line":12,"column":12}},"loc":{"start":{"line":12,"column":17},"end":{"line":15,"column":2}},"line":12},"2":{"name":"(anonymous_2)","decl":{"start":{"line":24,"column":27},"end":{"line":24,"column":28}},"loc":{"start":{"line":24,"column":42},"end":{"line":26,"column":1}},"line":24},"3":{"name":"(anonymous_3)","decl":{"start":{"line":25,"column":18},"end":{"line":25,"column":19}},"loc":{"start":{"line":25,"column":33},"end":{"line":25,"column":69}},"line":25}},"branchMap":{},"s":{"0":1,"1":1,"2":1,"3":1,"4":1,"5":1,"6":1,"7":1},"f":{"0":1,"1":1,"2":1,"3":1},"b":{},"_coverageSchema":"1a1c01bbd47fc00a2c39e90264f33305004495a9","hash":"02130e9be048cc91407b5321cdacca256200de22"}
}
