TN:
SF:src\client\components\breadcrumb\breadcrumb.component.jsx
FN:9,(anonymous_0)
FN:12,(anonymous_1)
FNF:2
FNH:2
FNDA:3,(anonymous_0)
FNDA:4,(anonymous_1)
DA:9,3
DA:10,3
DA:13,4
DA:22,3
LF:4
LH:4
BRF:0
BRH:0
end_of_record
TN:
SF:src\client\components\currency-display\currency-display.component.jsx
FN:6,(anonymous_0)
FN:18,(anonymous_1)
FN:24,(anonymous_2)
FNF:3
FNH:2
FNDA:2,(anonymous_0)
FNDA:2,(anonymous_1)
FNDA:0,(anonymous_2)
DA:6,3
DA:12,2
DA:13,2
DA:18,2
DA:19,2
DA:20,0
DA:22,2
DA:24,2
DA:25,0
DA:27,2
DA:35,3
LF:11
LH:9
BRDA:9,0,0,2
BRDA:10,1,0,2
BRDA:19,2,0,0
BRDA:19,2,1,2
BRDA:22,3,0,0
BRDA:22,3,1,2
BRDA:25,4,0,0
BRDA:25,4,1,0
BRDA:30,5,0,0
BRDA:30,5,1,2
BRF:10
BRH:5
end_of_record
TN:
SF:src\client\components\product-checkout\product-checkout.component.jsx
FN:7,(anonymous_0)
FNF:1
FNH:0
FNDA:0,(anonymous_0)
DA:7,1
DA:8,0
LF:2
LH:1
BRF:0
BRH:0
end_of_record
TN:
SF:src\client\components\product-grid\product-grid.component.jsx
FN:16,(anonymous_0)
FN:21,(anonymous_1)
FN:38,(anonymous_2)
FNF:3
FNH:3
FNDA:3,(anonymous_0)
FNDA:2,(anonymous_1)
FNDA:3,(anonymous_2)
DA:16,2
DA:17,3
DA:22,2
DA:36,2
DA:38,3
LF:5
LH:5
BRDA:17,0,0,1
BRDA:17,0,1,2
BRF:2
BRH:2
end_of_record
TN:
SF:src\client\components\product-preview\product-preview.component.jsx
FN:9,(anonymous_0)
FN:21,(anonymous_1)
FNF:2
FNH:1
FNDA:2,(anonymous_0)
FNDA:0,(anonymous_1)
DA:9,2
DA:18,2
DA:21,0
LF:3
LH:2
BRDA:34,0,0,0
BRDA:34,0,1,2
BRF:2
BRH:1
end_of_record
TN:
SF:src\client\components\search-bar\search-bar.component.jsx
FN:9,(anonymous_0)
FN:12,(anonymous_1)
FN:15,(anonymous_2)
FNF:3
FNH:0
FNDA:0,(anonymous_0)
FNDA:0,(anonymous_1)
FNDA:0,(anonymous_2)
DA:9,1
DA:10,0
DA:12,0
DA:13,0
DA:15,0
DA:16,0
DA:17,0
DA:20,0
LF:8
LH:1
BRDA:16,0,0,0
BRDA:16,0,1,0
BRDA:16,1,0,0
BRDA:16,1,1,0
BRF:4
BRH:0
end_of_record
TN:
SF:src\client\components\spinner\spinner.component.jsx
FN:5,(anonymous_0)
FNF:1
FNH:1
FNDA:2,(anonymous_0)
DA:5,3
DA:6,2
LF:2
LH:2
BRF:0
BRH:0
end_of_record
TN:
SF:src\client\redux\item\item.actions.js
FN:3,(anonymous_0)
FN:8,(anonymous_1)
FN:13,(anonymous_2)
FN:18,(anonymous_3)
FN:23,(anonymous_4)
FNF:5
FNH:5
FNDA:2,(anonymous_0)
FNDA:1,(anonymous_1)
FNDA:2,(anonymous_2)
FNDA:1,(anonymous_3)
FNDA:1,(anonymous_4)
DA:3,3
DA:8,3
DA:13,3
DA:18,3
DA:23,3
LF:5
LH:5
BRF:0
BRH:0
end_of_record
TN:
SF:src\client\redux\item\item.reducer.js
FN:12,(anonymous_0)
FNF:1
FNH:1
FNDA:6,(anonymous_0)
DA:3,1
DA:12,1
DA:13,6
DA:16,2
DA:23,1
DA:31,1
DA:39,1
DA:45,1
LF:8
LH:8
BRDA:12,0,0,1
BRDA:13,1,0,1
BRDA:13,1,1,2
BRDA:13,1,2,1
BRDA:13,1,3,1
BRDA:13,1,4,1
BRDA:13,1,5,1
BRF:7
BRH:7
end_of_record
TN:
SF:src\client\redux\item\item.selector.js
FN:3,(anonymous_0)
FN:7,(anonymous_1)
FN:12,(anonymous_2)
FN:12,(anonymous_3)
FN:15,(anonymous_4)
FN:21,(anonymous_5)
FN:26,(anonymous_6)
FN:31,(anonymous_7)
FNF:8
FNH:7
FNDA:11,(anonymous_0)
FNDA:0,(anonymous_1)
FNDA:3,(anonymous_2)
FNDA:2,(anonymous_3)
FNDA:3,(anonymous_4)
FNDA:3,(anonymous_5)
FNDA:1,(anonymous_6)
FNDA:1,(anonymous_7)
DA:3,11
DA:5,4
DA:7,0
DA:10,4
DA:12,3
DA:15,4
DA:16,3
DA:19,4
DA:21,3
DA:24,4
DA:26,1
DA:29,4
DA:31,1
LF:13
LH:12
BRDA:12,0,0,3
BRDA:12,0,1,1
BRDA:16,1,0,3
BRDA:16,1,1,0
BRDA:21,2,0,3
BRDA:21,2,1,1
BRDA:31,3,0,1
BRDA:31,3,1,0
BRF:8
BRH:6
end_of_record
TN:
SF:src\client\redux\item\item.types.js
FNF:0
FNH:0
DA:1,4
LF:1
LH:1
BRF:0
BRH:0
end_of_record
TN:
SF:src\client\views\product-detail\product-detail.component.jsx
FN:17,(anonymous_0)
FN:23,(anonymous_1)
FN:53,(anonymous_2)
FN:56,(anonymous_3)
FN:57,(anonymous_4)
FNF:5
FNH:5
FNDA:1,(anonymous_0)
FNDA:1,(anonymous_1)
FNDA:1,(anonymous_2)
FNDA:1,(anonymous_3)
FNDA:1,(anonymous_4)
DA:17,1
DA:23,1
DA:24,1
DA:25,1
DA:27,1
DA:51,1
DA:53,1
DA:56,1
DA:57,1
LF:9
LH:9
BRDA:27,0,0,1
BRDA:27,0,1,0
BRF:2
BRH:1
end_of_record
TN:
SF:src\client\views\search\search.component.jsx
FN:11,(anonymous_0)
FN:12,(anonymous_1)
FN:24,(anonymous_2)
FN:25,(anonymous_3)
FNF:4
FNH:4
FNDA:1,(anonymous_0)
FNDA:1,(anonymous_1)
FNDA:1,(anonymous_2)
FNDA:1,(anonymous_3)
DA:11,1
DA:12,1
DA:13,1
DA:14,1
DA:16,1
DA:24,1
DA:25,1
LF:7
LH:7
BRF:0
BRH:0
end_of_record
